2024-09-13 16:29:09 -  - exec CUpdateClientPartner::SearchModulesEx
2024-09-13 16:29:09 -  - exec CUpdateClientPartner::__CollectRequestData
2024-09-13 16:29:09 -  - utf=Y&lang=ru&stable=Y&CANGZIP=Y&SUPD_DBS=MYSQL&XE=N&CLIENT_SITE=localhost&LICENSE_KEY=X&SUPD_STS=1&SUPD_URS=1&TYPENC=D&CLIENT_PHPVER=8.2.0&NGINX=Y&dbv=5.7.39&instm=main%2C23.300.100%2CY%3Bvote%2C23.0.0%2CN%3Bui%2C22.1600.0%2CN%3Blanding%2C23.600.150%2CN%3Bmobileapp%2C23.0.0%2CN%3Bform%2C22.0.0%2CN%3Bperfmon%2C21.0.0%2CN%3Bscale%2C21.0.0%2CN%3Bbitrix.siteinfoportal%2C15.5.0%2CN%3Bhighloadblock%2C22.200.0%2CN%3Bsecurity%2C21.300.0%2CN%3Btranslate%2C23.200.0%2CN%3Blocation%2C23.0.0%2CN%3Bsocialservices%2C22.200.400%2CN%3Bphotogallery%2C22.0.200%2CN%3Bblog%2C22.0.0%2CN%3Bclouds%2C23.0.0%2CN%3Bsearch%2C22.100.0%2CN%3Biblock%2C23.100.0%2CN%3Bforum%2C23.0.0%2CN%3Bsubscribe%2C21.0.0%2CN%3Bmessageservice%2C23.0.0%2CN%3Bbitrixcloud%2C22.100.0%2CN%3Bbitrix.sitecorporate%2C15.5.0%2CN%3Bbitrix.sitepersonal%2C15.5.0%2CN%3Bseo%2C23.200.0%2CN%3Bb24connector%2C22.0.0%2CN%3Brest%2C23.100.0%2CN%3Bfileman%2C22.300.0%2CN&search_module_id=&search_module=&search_category=7%2C14&search_type=&search_order=DESC&search_order_by=SORT&search_page=1&SUPD_SRS=RU&SUPD_CMP=N
2024-09-13 16:29:09 -  - exec CUpdateClientPartner::GetHTTPPage
2024-09-13 16:29:10 -  - TIME SearchModulesEx(request) 0.654 sec
2024-09-13 16:29:10 -  - exec CUpdateClientPartner::ParseServerData
2024-09-13 16:29:15 -  - exec CUpdateClientPartner::LoadModulesUpdates
2024-09-13 16:29:15 -  - exec CUpdateClientPartner::__CollectRequestData
2024-09-13 16:29:15 -  - utf=Y&lang=ru&stable=Y&CANGZIP=Y&SUPD_DBS=MYSQL&XE=N&CLIENT_SITE=localhost&LICENSE_KEY=X&SUPD_STS=1&SUPD_URS=1&TYPENC=D&CLIENT_PHPVER=8.2.0&NGINX=Y&dbv=5.7.39&instm=main%2C23.300.100%2CY%3Bvote%2C23.0.0%2CN%3Bui%2C22.1600.0%2CN%3Blanding%2C23.600.150%2CN%3Bmobileapp%2C23.0.0%2CN%3Bform%2C22.0.0%2CN%3Bperfmon%2C21.0.0%2CN%3Bscale%2C21.0.0%2CN%3Bbitrix.siteinfoportal%2C15.5.0%2CN%3Bhighloadblock%2C22.200.0%2CN%3Bsecurity%2C21.300.0%2CN%3Btranslate%2C23.200.0%2CN%3Blocation%2C23.0.0%2CN%3Bsocialservices%2C22.200.400%2CN%3Bphotogallery%2C22.0.200%2CN%3Bblog%2C22.0.0%2CN%3Bclouds%2C23.0.0%2CN%3Bsearch%2C22.100.0%2CN%3Biblock%2C23.100.0%2CN%3Bforum%2C23.0.0%2CN%3Bsubscribe%2C21.0.0%2CN%3Bmessageservice%2C23.0.0%2CN%3Bbitrixcloud%2C22.100.0%2CN%3Bbitrix.sitecorporate%2C15.5.0%2CN%3Bbitrix.sitepersonal%2C15.5.0%2CN%3Bseo%2C23.200.0%2CN%3Bb24connector%2C22.0.0%2CN%3Brest%2C23.100.0%2CN%3Bfileman%2C22.300.0%2CN&reqm=nsandrey.emptyinstall&lim=Y&SUPD_SRS=RU&SUPD_CMP=N
2024-09-13 16:29:15 -  - exec CUpdateClientPartner::GetHTTPPage
2024-09-13 16:29:16 -  - TIME LoadModulesUpdates(request) 0.406 sec
2024-09-13 16:29:16 -  - exec CUpdateClientPartner::ParseServerData
2024-09-13 16:29:16 - S - STEP
2024-09-13 16:29:16 - LM4W01 - loadModule4Wizard-Step
2024-09-13 16:29:16 -  - exec CUpdateClientPartner::LoadModulesUpdates
2024-09-13 16:29:16 -  - exec CUpdateClientPartner::ParseServerData
2024-09-13 16:29:16 -  - loadFile
2024-09-13 16:29:16 - U - RETURN
2024-09-13 16:29:16 -  - exec CUpdateClientPartner::UnGzipArchive
2024-09-13 16:29:16 -  - TIME UnGzipArchive 0.014 sec
2024-09-13 16:29:16 -  - TIME UpdateStepModules 0.019 sec
2024-09-13 16:29:16 -  - exec CUpdateClientPartner::LoadModulesUpdates
2024-09-13 16:29:16 -  - exec CUpdateClientPartner::__CollectRequestData
2024-09-13 16:29:16 -  - utf=Y&lang=ru&stable=Y&CANGZIP=Y&SUPD_DBS=MYSQL&XE=N&CLIENT_SITE=localhost&LICENSE_KEY=X&SUPD_STS=1&SUPD_URS=1&TYPENC=D&CLIENT_PHPVER=8.2.0&NGINX=Y&dbv=5.7.39&instm=main%2C23.300.100%2CY%3Bvote%2C23.0.0%2CN%3Bui%2C22.1600.0%2CN%3Blanding%2C23.600.150%2CN%3Bmobileapp%2C23.0.0%2CN%3Bform%2C22.0.0%2CN%3Bperfmon%2C21.0.0%2CN%3Bscale%2C21.0.0%2CN%3Bbitrix.siteinfoportal%2C15.5.0%2CN%3Bhighloadblock%2C22.200.0%2CN%3Bsecurity%2C21.300.0%2CN%3Btranslate%2C23.200.0%2CN%3Blocation%2C23.0.0%2CN%3Bsocialservices%2C22.200.400%2CN%3Bphotogallery%2C22.0.200%2CN%3Bblog%2C22.0.0%2CN%3Bclouds%2C23.0.0%2CN%3Bsearch%2C22.100.0%2CN%3Biblock%2C23.100.0%2CN%3Bforum%2C23.0.0%2CN%3Bsubscribe%2C21.0.0%2CN%3Bmessageservice%2C23.0.0%2CN%3Bbitrixcloud%2C22.100.0%2CN%3Bbitrix.sitecorporate%2C15.5.0%2CN%3Bbitrix.sitepersonal%2C15.5.0%2CN%3Bseo%2C23.200.0%2CN%3Bb24connector%2C22.0.0%2CN%3Bnsandrey.emptyinstall%2C1.0.5%2CN%3Brest%2C23.100.0%2CN%3Bfileman%2C22.300.0%2CN&reqm=nsandrey.emptyinstall&lim=Y&SUPD_SRS=RU&SUPD_CMP=N
2024-09-13 16:29:16 -  - exec CUpdateClientPartner::GetHTTPPage
2024-09-13 16:29:17 -  - TIME LoadModulesUpdates(request) 0.184 sec
2024-09-13 16:29:17 -  - exec CUpdateClientPartner::ParseServerData
2024-09-13 16:29:17 - STEP - Finish - NOUPDATES
2024-09-13 16:29:17 - LM4W03 - Finish - NOUPDATES
2024-09-13 16:31:00 -  - exec CUpdateClientPartner::__CollectRequestData
2024-09-13 16:31:00 -  - exec CUpdateClientPartner::GetHTTPPage
2024-09-13 16:31:00 -  - exec CUpdateClientPartner::ParseServerData
2024-09-13 16:31:00 -  - exec CUpdateClientPartner::GetUpdatesList
2024-09-13 16:31:00 -  - exec CUpdateClientPartner::__CollectRequestData
2024-09-13 16:31:00 -  - utf=Y&lang=ru&stable=Y&CANGZIP=Y&SUPD_DBS=MYSQL&XE=N&CLIENT_SITE=localhost&LICENSE_KEY=X&SUPD_STS=1&SUPD_URS=1&TYPENC=D&CLIENT_PHPVER=8.2.0&NGINX=Y&dbv=5.7.39&instm=main%2C23.300.100%2CY%3Bvote%2C23.0.0%2CN%3Bui%2C22.1600.0%2CN%3Blanding%2C23.600.150%2CN%3Bmobileapp%2C23.0.0%2CN%3Bform%2C22.0.0%2CN%3Bperfmon%2C21.0.0%2CN%3Bscale%2C21.0.0%2CN%3Bbitrix.siteinfoportal%2C15.5.0%2CN%3Bhighloadblock%2C22.200.0%2CN%3Bsecurity%2C21.300.0%2CN%3Btranslate%2C23.200.0%2CN%3Blocation%2C23.0.0%2CN%3Bsocialservices%2C22.200.400%2CN%3Bphotogallery%2C22.0.200%2CN%3Bblog%2C22.0.0%2CN%3Bclouds%2C23.0.0%2CN%3Bsearch%2C22.100.0%2CN%3Biblock%2C23.100.0%2CN%3Bforum%2C23.0.0%2CN%3Bsubscribe%2C21.0.0%2CN%3Bmessageservice%2C23.0.0%2CN%3Bbitrixcloud%2C22.100.0%2CN%3Bbitrix.sitecorporate%2C15.5.0%2CN%3Bbitrix.sitepersonal%2C15.5.0%2CN%3Bseo%2C23.200.0%2CN%3Bb24connector%2C22.0.0%2CN%3Bnsandrey.emptyinstall%2C1.0.5%2CN%3Brest%2C23.100.0%2CN%3Bfileman%2C22.300.0%2CN&reqm=bitrix.siteinfoportal%2Cbitrix.sitecorporate%2Cbitrix.sitepersonal%2Cnsandrey.emptyinstall&fullmoduleinfo=Y&SUPD_SRS=RU&SUPD_CMP=N
2024-09-13 16:31:00 -  - exec CUpdateClientPartner::GetHTTPPage
2024-09-13 16:31:00 -  - TIME GetUpdatesList(request) 0.204 sec
2024-09-13 16:31:00 -  - exec CUpdateClientPartner::ParseServerData
2024-09-13 16:31:00 -  - exec CUpdateClientPartner::__CollectRequestData
2024-09-13 16:31:00 -  - exec CUpdateClientPartner::GetHTTPPage
2024-09-13 16:31:00 -  - exec CUpdateClientPartner::ParseServerData
2024-09-15 06:44:15 -  - exec CUpdateClientPartner::__CollectRequestData
2024-09-15 06:44:15 -  - exec CUpdateClientPartner::GetHTTPPage
2024-09-15 06:44:16 -  - exec CUpdateClientPartner::ParseServerData
2024-09-15 06:44:16 -  - exec CUpdateClientPartner::GetUpdatesList
2024-09-15 06:44:16 -  - exec CUpdateClientPartner::__CollectRequestData
2024-09-15 06:44:16 -  - utf=Y&lang=ru&stable=Y&CANGZIP=Y&SUPD_DBS=MYSQL&XE=N&CLIENT_SITE=localhost&LICENSE_KEY=X&SUPD_STS=1&SUPD_URS=1&TYPENC=D&CLIENT_PHPVER=8.2.0&NGINX=Y&dbv=5.7.39&instm=main%2C23.300.100%2CY%3Bvote%2C23.0.0%2CN%3Bui%2C22.1600.0%2CN%3Blanding%2C23.600.150%2CN%3Bmobileapp%2C23.0.0%2CN%3Bform%2C22.0.0%2CN%3Bperfmon%2C21.0.0%2CN%3Bscale%2C21.0.0%2CN%3Bbitrix.siteinfoportal%2C15.5.0%2CN%3Bhighloadblock%2C22.200.0%2CN%3Bsecurity%2C21.300.0%2CN%3Btranslate%2C23.200.0%2CN%3Blocation%2C23.0.0%2CN%3Bsocialservices%2C22.200.400%2CN%3Bphotogallery%2C22.0.200%2CN%3Bblog%2C22.0.0%2CN%3Bclouds%2C23.0.0%2CN%3Bsearch%2C22.100.0%2CN%3Biblock%2C23.100.0%2CN%3Bforum%2C23.0.0%2CN%3Bsubscribe%2C21.0.0%2CN%3Bmessageservice%2C23.0.0%2CN%3Bbitrixcloud%2C22.100.0%2CN%3Bbitrix.sitecorporate%2C15.5.0%2CN%3Bbitrix.sitepersonal%2C15.5.0%2CN%3Bseo%2C23.200.0%2CN%3Bb24connector%2C22.0.0%2CN%3Bnsandrey.emptyinstall%2C1.0.5%2CN%3Brest%2C23.100.0%2CN%3Bfileman%2C22.300.0%2CN&reqm=bitrix.siteinfoportal%2Cbitrix.sitecorporate%2Cbitrix.sitepersonal%2Cnsandrey.emptyinstall&fullmoduleinfo=Y&SUPD_SRS=RU&SUPD_CMP=N
2024-09-15 06:44:16 -  - exec CUpdateClientPartner::GetHTTPPage
2024-09-15 06:44:17 -  - TIME GetUpdatesList(request) 0.193 sec
2024-09-15 06:44:17 -  - exec CUpdateClientPartner::ParseServerData
2024-09-15 06:44:17 -  - exec CUpdateClientPartner::__CollectRequestData
2024-09-15 06:44:17 -  - exec CUpdateClientPartner::GetHTTPPage
2024-09-15 06:44:17 -  - exec CUpdateClientPartner::ParseServerData
